\n START gen_dq_create_tbl_script.sh:  Fri Jun 30 12:06:53 PDT 2017.\n
/home/cloudera/projects/dataquality_v1/hive/tables/dq_app_config_tbl.hql
/home/cloudera/projects/dataquality_v1/config/home_config.txt
beeline -u jdbc:hive2://localhost:10000/app_dq;user pass --silent -i /home/cloudera/projects/dataquality_v1/config/home_config.txt -f /home/cloudera/projects/dataquality_v1/hive/tables/dq_app_config_tbl.hql
0: jdbc:hive2://localhost:10000/app_dq> #set dq_db_location='/user/spanda2020/data/app_dq' ;
0: jdbc:hive2://localhost:10000/app_dq> set dq_schema=app_dq;
0: jdbc:hive2://localhost:10000/app_dq> #set src_mdw_schema=l1_amlmkt_mdwe;
0: jdbc:hive2://localhost:10000/app_dq> #set hdfs_path=/user/spanda2020/data
0: jdbc:hive2://localhost:10000/app_dq> set dq_db_path="/user/spanda2020/data/app_dq"
0: jdbc:hive2://localhost:10000/app_dq> #set dq_chk_master_path=/user/spanda2020/data/app_dq/dq_check_master/
0: jdbc:hive2://localhost:10000/app_dq> #set dq_app_config_path=/user/spanda2020/data/app_dq/dq_app_config/
0: jdbc:hive2://localhost:10000/app_dq> 
0: jdbc:hive2://localhost:10000/app_dq> 0: jdbc:hive2://localhost:10000/app_dq> 
0: jdbc:hive2://localhost:10000/app_dq> use ${hiveconf:dq_schema};
0: jdbc:hive2://localhost:10000/app_dq> create table DQ_APP_CONFIG
0: jdbc:hive2://localhost:10000/app_dq> (
0: jdbc:hive2://localhost:10000/app_dq> dq_app_name varchar(50),
0: jdbc:hive2://localhost:10000/app_dq> dq_app_id int,
0: jdbc:hive2://localhost:10000/app_dq> active_flag varchar(1),
0: jdbc:hive2://localhost:10000/app_dq> last_updt_dt varchar(50))
0: jdbc:hive2://localhost:10000/app_dq> row format delimited fields terminated by '~' ;
0: jdbc:hive2://localhost:10000/app_dq> 
0: jdbc:hive2://localhost:10000/app_dq> 
Table creation is Completed for  /home/cloudera/projects/dataquality_v1/hive/tables/dq_app_config_tbl.hql
/home/cloudera/projects/dataquality_v1/hive/tables/dq_chk_master_tbl.hql
/home/cloudera/projects/dataquality_v1/config/home_config.txt
beeline -u jdbc:hive2://localhost:10000/app_dq;user pass --silent -i /home/cloudera/projects/dataquality_v1/config/home_config.txt -f /home/cloudera/projects/dataquality_v1/hive/tables/dq_chk_master_tbl.hql
0: jdbc:hive2://localhost:10000/app_dq> #set dq_db_location='/user/spanda2020/data/app_dq' ;
0: jdbc:hive2://localhost:10000/app_dq> set dq_schema=app_dq;
0: jdbc:hive2://localhost:10000/app_dq> #set src_mdw_schema=l1_amlmkt_mdwe;
0: jdbc:hive2://localhost:10000/app_dq> #set hdfs_path=/user/spanda2020/data
0: jdbc:hive2://localhost:10000/app_dq> set dq_db_path="/user/spanda2020/data/app_dq"
0: jdbc:hive2://localhost:10000/app_dq> #set dq_chk_master_path=/user/spanda2020/data/app_dq/dq_check_master/
0: jdbc:hive2://localhost:10000/app_dq> #set dq_app_config_path=/user/spanda2020/data/app_dq/dq_app_config/
0: jdbc:hive2://localhost:10000/app_dq> 
0: jdbc:hive2://localhost:10000/app_dq> 0: jdbc:hive2://localhost:10000/app_dq> 
0: jdbc:hive2://localhost:10000/app_dq> create table dq_chk_master
0: jdbc:hive2://localhost:10000/app_dq> (
0: jdbc:hive2://localhost:10000/app_dq> dq_check_id int,
0: jdbc:hive2://localhost:10000/app_dq> dq_check_nm varchar(100),
0: jdbc:hive2://localhost:10000/app_dq> dq_group_id int,
0: jdbc:hive2://localhost:10000/app_dq> dq_app_id  varchar(100),
0: jdbc:hive2://localhost:10000/app_dq> src_schema  varchar(100),
0: jdbc:hive2://localhost:10000/app_dq> src_tbl  varchar(100),
0: jdbc:hive2://localhost:10000/app_dq> src_col  varchar(100),
0: jdbc:hive2://localhost:10000/app_dq> rowkey varchar(100),
0: jdbc:hive2://localhost:10000/app_dq> filter varchar(100),
0: jdbc:hive2://localhost:10000/app_dq> dq_thrshold_per float,
0: jdbc:hive2://localhost:10000/app_dq> null_chk varchar(1),
0: jdbc:hive2://localhost:10000/app_dq> dup_chk varchar(100),
0: jdbc:hive2://localhost:10000/app_dq> len_chk varchar(100),
0: jdbc:hive2://localhost:10000/app_dq> lov_chk varchar(100),
0: jdbc:hive2://localhost:10000/app_dq> data_type_chk varchar(100),
0: jdbc:hive2://localhost:10000/app_dq> format_chk varchar(100),
0: jdbc:hive2://localhost:10000/app_dq> ref_chk_schema varchar(100),
0: jdbc:hive2://localhost:10000/app_dq> ref_chk_col varchar(100),
0: jdbc:hive2://localhost:10000/app_dq> ref_chk_filter string,
0: jdbc:hive2://localhost:10000/app_dq> custom_chk string,
0: jdbc:hive2://localhost:10000/app_dq> error_rec_limit int,
0: jdbc:hive2://localhost:10000/app_dq> active_flag varchar(1),
0: jdbc:hive2://localhost:10000/app_dq> last_updt_dt varchar(50))
0: jdbc:hive2://localhost:10000/app_dq> row format delimited fields terminated by '~' ;
0: jdbc:hive2://localhost:10000/app_dq> 
0: jdbc:hive2://localhost:10000/app_dq> 
Table creation is Completed for  /home/cloudera/projects/dataquality_v1/hive/tables/dq_chk_master_tbl.hql
/home/cloudera/projects/dataquality_v1/hive/tables/dq_group_config_tbl.hql
/home/cloudera/projects/dataquality_v1/config/home_config.txt
beeline -u jdbc:hive2://localhost:10000/app_dq;user pass --silent -i /home/cloudera/projects/dataquality_v1/config/home_config.txt -f /home/cloudera/projects/dataquality_v1/hive/tables/dq_group_config_tbl.hql
0: jdbc:hive2://localhost:10000/app_dq> #set dq_db_location='/user/spanda2020/data/app_dq' ;
0: jdbc:hive2://localhost:10000/app_dq> set dq_schema=app_dq;
0: jdbc:hive2://localhost:10000/app_dq> #set src_mdw_schema=l1_amlmkt_mdwe;
0: jdbc:hive2://localhost:10000/app_dq> #set hdfs_path=/user/spanda2020/data
0: jdbc:hive2://localhost:10000/app_dq> set dq_db_path="/user/spanda2020/data/app_dq"
0: jdbc:hive2://localhost:10000/app_dq> #set dq_chk_master_path=/user/spanda2020/data/app_dq/dq_check_master/
0: jdbc:hive2://localhost:10000/app_dq> #set dq_app_config_path=/user/spanda2020/data/app_dq/dq_app_config/
0: jdbc:hive2://localhost:10000/app_dq> 
0: jdbc:hive2://localhost:10000/app_dq> 0: jdbc:hive2://localhost:10000/app_dq> 
0: jdbc:hive2://localhost:10000/app_dq> create table dq_group_config
0: jdbc:hive2://localhost:10000/app_dq> (
0: jdbc:hive2://localhost:10000/app_dq> dq_grp_name varchar(50),
0: jdbc:hive2://localhost:10000/app_dq> dq_grp_id int,
0: jdbc:hive2://localhost:10000/app_dq> dq_app_id int,
0: jdbc:hive2://localhost:10000/app_dq> schema_name varchar(50),
0: jdbc:hive2://localhost:10000/app_dq> table_nm varchar(50),
0: jdbc:hive2://localhost:10000/app_dq> filter varchar(200),
0: jdbc:hive2://localhost:10000/app_dq> active_flag vahchar(1),
0: jdbc:hive2://localhost:10000/app_dq> last_updt_dt varchar(50))
0: jdbc:hive2://localhost:10000/app_dq> row format delimited fields terminated by '~' ;

Table creation is Failed for  /home/cloudera/projects/dataquality_v1/hive/tables/dq_group_config_tbl.hql
